<?xml version="1.0" encoding="UTF-8"?>
<!-- Generated by org.testng.reporters.JUnitReportReporter -->
<testsuite hostname="LAPTOP-IQ9B34OU" failures="0" tests="1" name="practice.testproTest" time="0.007" errors="0" timestamp="2022-11-23T16:06:18 IST" skipped="0">
  <testcase classname="practice.testproTest" name="sample" time="0.007"/>
  <system-out/>
</testsuite> <!-- practice.testproTest -->
